<?xml version="1.0" encoding="UTF-8"?>
<!-- Generated by org.testng.reporters.JUnitReportReporter -->
<testsuite skipped="0" hostname="ET-C02T91MYG8WN.local" name="com.qa.tests.ProductsTest" tests="2" failures="0" timestamp="2021-03-22T16:46:40 IST" time="57.777" errors="0">
  <testcase name="Validate_products" time="22.266" classname="com.qa.tests.ProductsTest"/>
  <system-out/>
  <testcase name="Validate_productDetails" time="35.511" classname="com.qa.tests.ProductsTest"/>
  <system-out/>
</testsuite> <!-- com.qa.tests.ProductsTest -->
